C51 COMPILER V9.00   MAIN                                                                  06/09/2019 16:29:18 PAGE 1   


C51 COMPILER V9.00, COMPILATION OF MODULE MAIN
OBJECT MODULE PLACED IN .\main.obj
COMPILER INVOKED BY: D:\keil 4\C51\BIN\C51.EXE ..\main\main.c BROWSE INCDIR(..\h;..\main) DEBUG OBJECTEXTEND PRINT(.\mai
                    -n.lst) OBJECT(.\main.obj)

line level    source

   1          #include <reg52.h>      //使用的芯片头文件
   2          #include "mytype.h"     
   3          #include "delay.h"
   4          #include "jz.h"
   5          #include "DigDisplay.h"
   6          #include "i2c/i2c.h"
   7          
   8          #include "Init.c"
   9          #include "MPUinit.c"
  10          
  11          #define         _2000_2g
  12          
  13          int main()
  14          {
  15   1          MPUinit();
  16   1              Timer0Init();
  17   1      #if 0
                  while(1)            //死循环
                  {  
                         DigDisplay();
                         while(keyHandle() == 13)
                         {
                              led = !led;
                              //delayms(1000);
                         }
                  }
              #elif 0
                      while(1)
                      {       
                              if(keyHandle() != i)
                              {
                              DisplayData[0]=smgduan[i];
                              }
                              DigDisplay();
                      }
              #elif 0
                      while(1)
                      {
                              switch (keyHandle())
                              {
                                      case 1:{DisplayData[0]=smgduan[1];break;}
                                      case 2:{DisplayData[0]=smgduan[2];break;}
                                      case 3:{DisplayData[0]=smgduan[3];break;}
                              }
                              DigDisplay();
                      }
              #elif 0
                      while(1)
                      {
                              if(a)
                              {num = GYRO_XOUT/GYRO_SENS;a=0;}
                              DigDisplay();
                      }
              
C51 COMPILER V9.00   MAIN                                                                  06/09/2019 16:29:18 PAGE 2   

              #elif 1
  56   1              while(1)
  57   1              {               
  58   2                              switch (keyHandle())
  59   2                              {
  60   3                                      case 1:{num = ACCEL_XOUT/ACCEL_SENS;a=0;break;}
  61   3                                      case 2:{num = ACCEL_YOUT/ACCEL_SENS;a=0;break;}
  62   3                                      case 3:{num = ACCEL_ZOUT/ACCEL_SENS;a=0;break;}
  63   3                                      case 4:{num = TEMP_OUT/3.40+3653;a=0;break;}
  64   3                                      case 5:{num = GYRO_XOUT/GYRO_SENS;a=0;break;}
  65   3                                      case 6:{num = GYRO_YOUT/GYRO_SENS;a=0;break;}
  66   3                                      case 7:{num = GYRO_ZOUT/GYRO_SENS;a=0;break;}
  67   3      
  68   3                              }
  69   2                              DigDisplay();
  70   2              }
  71   1              
  72   1      #endif
  73   1      return 0;
  74   1      }
  75          
  76          
  77          
  78          /*中断*/
  79          void Timer0() interrupt 1
  80          {
  81   1              static u16 i;
  82   1              TH0=0XFC;       //给定时器赋初值，定时1ms
  83   1              TL0=0X18;
  84   1              i++;
  85   1              if(i==500)
  86   1              {
  87   2                      i=0;
  88   2                      a = 1;  
  89   2      //              num = ACCEL_ZOUT/1.6384;
  90   2                      if(num>=0)
  91   2                      {
  92   3                              DisplayData[0]=0;
  93   3                              DisplayData[1]=smgduan[num/1000000];
  94   3                              DisplayData[2]=smgduan[num%1000000/100000];                     
  95   3                              DisplayData[3]=smgduan[num%100000/10000]|0x80;
  96   3                              DisplayData[4]=smgduan[num%10000/1000];         
  97   3                              DisplayData[5]=smgduan[num%1000/100];   
  98   3                              DisplayData[6]=smgduan[num%100/10];
  99   3                              DisplayData[7]=smgduan[num%10]; 
 100   3                      }
 101   2                      else
 102   2                      {
 103   3                              num = -num;
 104   3                              DisplayData[0]=0x40;
 105   3                              DisplayData[1]=smgduan[num/1000000];
 106   3                              DisplayData[2]=smgduan[num%1000000/100000];                     
 107   3                              DisplayData[3]=smgduan[num%100000/10000]|0x80;
 108   3                              DisplayData[4]=smgduan[num%10000/1000];         
 109   3                              DisplayData[5]=smgduan[num%1000/100];   
 110   3                              DisplayData[6]=smgduan[num%100/10];
 111   3                              DisplayData[7]=smgduan[num%10]; 
 112   3                      }               
 113   2              }       
 114   1      }


C51 COMPILER V9.00   MAIN                                                                  06/09/2019 16:29:18 PAGE 3   

MODULE INFORMATION:   STATIC OVERLAYABLE
   CODE SIZE        =    876    ----
   CONSTANT SIZE    =   ----    ----
   XDATA SIZE       =   ----    ----
   PDATA SIZE       =   ----    ----
   DATA SIZE        =      6    ----
   IDATA SIZE       =   ----    ----
   BIT SIZE         =      1    ----
END OF MODULE INFORMATION.


C51 COMPILATION COMPLETE.  0 WARNING(S),  0 ERROR(S)
